-------------------------------------------------------------------------------
Test set: com.miage.altea.tp.trainer_api.bo.TrainerTest
-------------------------------------------------------------------------------
Tests run: 3, Failures: 1, Errors: 0, Skipped: 0, Time elapsed: 0.014 s <<< FAILURE! - in com.miage.altea.tp.trainer_api.bo.TrainerTest
trainerTeam_shouldBeAOneToManyRelationship  Time elapsed: 0.006 s  <<< FAILURE!
org.opentest4j.AssertionFailedError: expected: not <null>
	at com.miage.altea.tp.trainer_api.bo.TrainerTest.trainerTeam_shouldBeAOneToManyRelationship(TrainerTest.java:28)

